CCS PCM C Compiler, Version 4.104, 5967               19-Jun-13 20:24

               Filename: C:\Documents and Settings\Usuario Mecatronica\Escritorio\parcial2\ejercicio1.lst

               ROM used: 73 words (1%)
                         Largest free fragment is 2048
               RAM used: 7 (2%) at main() level
                         8 (2%) worst case
               Stack:    1 locations

*
0000:  MOVLW  00
0001:  MOVWF  0A
0002:  GOTO   01B
0003:  NOP
.................... #include <16F877a.h> 
.................... //////// Standard Header file for the PIC16F877A device //////////////// 
.................... #device PIC16F877A 
.................... #list 
....................  
.................... #use delay (clock =4M) 
0004:  MOVLW  22
0005:  MOVWF  04
0006:  BCF    03.7
0007:  MOVF   00,W
0008:  BTFSC  03.2
0009:  GOTO   018
000A:  MOVLW  01
000B:  MOVWF  78
000C:  CLRF   77
000D:  DECFSZ 77,F
000E:  GOTO   00D
000F:  DECFSZ 78,F
0010:  GOTO   00C
0011:  MOVLW  4A
0012:  MOVWF  77
0013:  DECFSZ 77,F
0014:  GOTO   013
0015:  GOTO   016
0016:  DECFSZ 00,F
0017:  GOTO   00A
0018:  BCF    0A.3
0019:  BCF    0A.4
001A:  GOTO   03C (RETURN)
.................... #fuses xt,nowdt,noprotect 
.................... #byte PORTD=0X08 
.................... int x; 
.................... void main() 
.................... { 
001B:  CLRF   04
001C:  BCF    03.7
001D:  MOVLW  1F
001E:  ANDWF  03,F
001F:  BSF    03.5
0020:  BSF    1F.0
0021:  BSF    1F.1
0022:  BSF    1F.2
0023:  BCF    1F.3
0024:  MOVLW  07
0025:  MOVWF  1C
.................... set_tris_d(0);PORTD=0; 
0026:  MOVLW  00
0027:  MOVWF  08
0028:  BCF    03.5
0029:  CLRF   08
.................... PORTD=0; 
002A:  CLRF   08
.................... while(TRUE) 
.................... { 
.................... if (INPUT(PIN_B0)) 
002B:  BSF    03.5
002C:  BSF    06.0
002D:  BCF    03.5
002E:  BTFSS  06.0
002F:  GOTO   047
.................... { 
.................... for (x=0;x<=8;x++) 
0030:  CLRF   20
0031:  MOVF   20,W
0032:  SUBLW  08
0033:  BTFSS  03.0
0034:  GOTO   047
.................... { 
.................... PORTD=PORTD+1; 
0035:  MOVLW  01
0036:  ADDWF  08,F
.................... delay_ms(300); 
0037:  MOVLW  02
0038:  MOVWF  21
0039:  MOVLW  96
003A:  MOVWF  22
003B:  GOTO   004
003C:  DECFSZ 21,F
003D:  GOTO   039
.................... if(PORTD==9) 
003E:  MOVF   08,W
003F:  SUBLW  09
0040:  BTFSS  03.2
0041:  GOTO   045
.................... { 
.................... PORTD==0; 
0042:  MOVF   08,F
0043:  BTFSS  03.2
0044:  MOVLW  00
.................... } 
.................... } 
0045:  INCF   20,F
0046:  GOTO   031
.................... } 
.................... } 
0047:  GOTO   02B
.................... } 
0048:  SLEEP

Configuration Fuses:
   Word  1: 3F71   XT NOWDT PUT NODEBUG NOPROTECT BROWNOUT NOLVP NOCPD NOWRT
