
ROM used: 73 (1%)
          73 (1%) including unused fragments

          0 Average locations per line
          5 Average locations per statement

RAM used: 7 (2%) at main() level
          8 (2%) worst case

Stack used: 1 worst case (out of 8 total available)

Lines Stmts  %   Files
----- ----- ---  -----
   26    14 100  ejercicio1.c
  326     0   0  16F877a.h
----- -----
  352    14 Total

Page ROM  %  RAM   Vol Diff  Functions:
---- --- --- ---   --- ----  ----------
0     23  32   1             @delay_ms1
0     46  63   1   295  5.1  main

Program metrics:
    Functions               1
    Statements              14
    Comments                75
    Volume (V)              297
    Difficilty (D)          4.9
    Effort to implement (E) 1445
    Time to implement (T)   1 minutes
    Est Delivered Bugs (B)  0
    Cyclomatic Complexity   3
    Maintainability (MI)    136

 Segment     Used  Free
-----------  ----  ----
00000-00003     4  0  
00004-007FF    69  1975  
00800-00FFF     0  2048  
01000-017FF     0  2048  
01800-01FFF     0  2048  



