
ROM used: 92 (1%)
          92 (1%) including unused fragments

          0 Average locations per line
          4 Average locations per statement

RAM used: 9 (2%) at main() level
          10 (3%) worst case

Stack used: 1 worst case (out of 8 total available)

Lines Stmts  %   Files
----- ----- ---  -----
   45    24 100  0 a 99.c
  326     0   0  16f877a.h
----- -----
  371    24 Total

Page ROM  %  RAM   Vol Diff  Functions:
---- --- --- ---   --- ----  ----------
0     14  15   1             @delay_ms1
0     74  80   1   609  5.7  main

Program metrics:
    Functions               1
    Statements              24
    Comments                75
    Volume (V)              612
    Difficilty (D)          5.6
    Effort to implement (E) 3436
    Time to implement (T)   3 minutes
    Est Delivered Bugs (B)  0
    Cyclomatic Complexity   5
    Maintainability (MI)    123

 Segment     Used  Free
-----------  ----  ----
00000-00003     4  0  
00004-007FF    88  1956  
00800-00FFF     0  2048  
01000-017FF     0  2048  
01800-01FFF     0  2048  



