
ROM used: 886 (11%)
          886 (11%) including unused fragments

          2 Average locations per line
          37 Average locations per statement

RAM used: 7 (2%) at main() level
          7 (2%) worst case

Stack used: 1 worst case (out of 8 total available)

Lines Stmts  %   Files
----- ----- ---  -----
   40    24 100  corte2.c
  326     0   0  16f877a.h
----- -----
  366    24 Total

Page ROM  %  RAM   Vol Diff  Functions:
---- --- --- ---   --- ----  ----------
0     21   2   1             @delay_ms1
0    861  97   1  2463  3.0  main

Program metrics:
    Functions               1
    Statements              24
    Comments                75
    Volume (V)              2466
    Difficilty (D)          2.9
    Effort to implement (E) 7263
    Time to implement (T)   7 minutes
    Est Delivered Bugs (B)  0
    Cyclomatic Complexity   1
    Maintainability (MI)    116

 Segment     Used  Free
-----------  ----  ----
00000-00003     4  0  
00004-007FF   882  1162  
00800-00FFF     0  2048  
01000-017FF     0  2048  
01800-01FFF     0  2048  



